2021-06-14 00:51:09,515 81455 I 463:_send_packet     Sending packet PING data None
2021-06-14 00:51:09,518 81455 I 443:_receive_packet  Received packet PONG data None
2021-06-14 00:51:11,079 81455 I 310:emit             Emitting event "first" [/]
2021-06-14 00:51:11,079 81455 I 463:_send_packet     Sending packet MESSAGE data 2["first",{"message":"Go To Socket"}]
2021-06-14 00:51:11,083 81455 I 443:_receive_packet  Received packet MESSAGE data 2["second",{"message":"Go To Client : connecting to socket"}]
2021-06-14 00:51:11,083 81455 I 475:_handle_event    Received event "second" [/]
2021-06-14 00:51:16,086 81455 I 310:emit             Emitting event "first" [/]
2021-06-14 00:51:16,086 81455 I 463:_send_packet     Sending packet MESSAGE data 2["first",{"message":"Go To Socket"}]
2021-06-14 00:51:16,089 81455 I 443:_receive_packet  Received packet MESSAGE data 2["second",{"message":"Go To Client : connecting to socket"}]
2021-06-14 00:51:16,090 81455 I 475:_handle_event    Received event "second" [/]
2021-06-14 00:51:21,093 81455 I 310:emit             Emitting event "first" [/]
2021-06-14 00:51:21,094 81455 I 463:_send_packet     Sending packet MESSAGE data 2["first",{"message":"Go To Socket"}]
2021-06-14 00:51:21,099 81455 I 443:_receive_packet  Received packet MESSAGE data 2["second",{"message":"Go To Client : connecting to socket"}]
2021-06-14 00:51:21,100 81455 I 475:_handle_event    Received event "second" [/]
2021-06-14 00:51:26,098 81455 I 310:emit             Emitting event "first" [/]
2021-06-14 00:51:26,099 81455 I 463:_send_packet     Sending packet MESSAGE data 2["first",{"message":"Go To Socket"}]
2021-06-14 00:51:26,104 81455 I 443:_receive_packet  Received packet MESSAGE data 2["second",{"message":"Go To Client : connecting to socket"}]
2021-06-14 00:51:26,105 81455 I 475:_handle_event    Received event "second" [/]
2021-06-14 00:51:31,105 81455 I 310:emit             Emitting event "first" [/]
2021-06-14 00:51:31,106 81455 I 463:_send_packet     Sending packet MESSAGE data 2["first",{"message":"Go To Socket"}]
2021-06-14 00:51:31,112 81455 I 443:_receive_packet  Received packet MESSAGE data 2["second",{"message":"Go To Client : connecting to socket"}]
2021-06-14 00:51:31,113 81455 I 475:_handle_event    Received event "second" [/]
2021-06-14 00:51:34,668 81455 I 463:_send_packet     Sending packet PING data None
2021-06-14 00:51:34,672 81455 I 443:_receive_packet  Received packet PONG data None
2021-06-14 00:51:36,115 81455 I 310:emit             Emitting event "first" [/]
2021-06-14 00:51:36,115 81455 I 463:_send_packet     Sending packet MESSAGE data 2["first",{"message":"Go To Socket"}]
2021-06-14 00:51:36,121 81455 I 443:_receive_packet  Received packet MESSAGE data 2["second",{"message":"Go To Client : connecting to socket"}]
2021-06-14 00:51:36,122 81455 I 475:_handle_event    Received event "second" [/]
2021-06-14 00:51:41,122 81455 I 310:emit             Emitting event "first" [/]
2021-06-14 00:51:41,123 81455 I 463:_send_packet     Sending packet MESSAGE data 2["first",{"message":"Go To Socket"}]
2021-06-14 00:51:41,128 81455 I 443:_receive_packet  Received packet MESSAGE data 2["second",{"message":"Go To Client : connecting to socket"}]
2021-06-14 00:51:41,129 81455 I 475:_handle_event    Received event "second" [/]
2021-06-14 00:51:46,134 81455 I 310:emit             Emitting event "first" [/]
2021-06-14 00:51:46,134 81455 I 463:_send_packet     Sending packet MESSAGE data 2["first",{"message":"Go To Socket"}]
2021-06-14 00:51:46,140 81455 I 443:_receive_packet  Received packet MESSAGE data 2["second",{"message":"Go To Client : connecting to socket"}]
2021-06-14 00:51:46,140 81455 I 475:_handle_event    Received event "second" [/]
2021-06-14 00:51:51,136 81455 I 310:emit             Emitting event "first" [/]
2021-06-14 00:51:51,137 81455 I 463:_send_packet     Sending packet MESSAGE data 2["first",{"message":"Go To Socket"}]
2021-06-14 00:51:51,142 81455 I 443:_receive_packet  Received packet MESSAGE data 2["second",{"message":"Go To Client : connecting to socket"}]
2021-06-14 00:51:51,143 81455 I 475:_handle_event    Received event "second" [/]
2021-06-14 00:51:56,148 81455 I 310:emit             Emitting event "first" [/]
2021-06-14 00:51:56,149 81455 I 463:_send_packet     Sending packet MESSAGE data 2["first",{"message":"Go To Socket"}]
2021-06-14 00:51:56,155 81455 I 443:_receive_packet  Received packet MESSAGE data 2["second",{"message":"Go To Client : connecting to socket"}]
2021-06-14 00:51:56,156 81455 I 475:_handle_event    Received event "second" [/]
2021-06-14 00:51:59,673 81455 I 463:_send_packet     Sending packet PING data None
2021-06-14 00:51:59,676 81455 I 443:_receive_packet  Received packet PONG data None
2021-06-14 02:39:16,732 81455 I 310:emit             Emitting event "first" [/]
2021-06-14 02:39:16,733 81455 I 463:_send_packet     Sending packet MESSAGE data 2["first",{"message":"Go To Socket"}]
2021-06-14 02:39:21,737 81455 I 310:emit             Emitting event "first" [/]
2021-06-14 02:39:21,737 81455 I 463:_send_packet     Sending packet MESSAGE data 2["first",{"message":"Go To Socket"}]
2021-06-14 02:39:26,730 81455 I 310:emit             Emitting event "first" [/]
2021-06-14 02:39:26,731 81455 I 463:_send_packet     Sending packet MESSAGE data 2["first",{"message":"Go To Socket"}]
2021-06-14 02:39:31,732 81455 I 310:emit             Emitting event "first" [/]
2021-06-14 02:39:31,733 81455 I 463:_send_packet     Sending packet MESSAGE data 2["first",{"message":"Go To Socket"}]
2021-06-14 02:39:36,734 81455 I 310:emit             Emitting event "first" [/]
2021-06-14 02:39:36,734 81455 I 463:_send_packet     Sending packet MESSAGE data 2["first",{"message":"Go To Socket"}]
2021-06-14 02:39:39,461 81455 I 463:_send_packet     Sending packet PING data None
2021-06-14 02:39:39,464 81455 I 443:_receive_packet  Received packet NOOP data None
2021-06-14 02:39:39,465 81455 I 594:_read_loop_webso Unexpected error "[Errno 54] Connection reset by peer", aborting
2021-06-14 02:39:39,465 81455 I 603:_read_loop_webso Waiting for write loop task to end
2021-06-14 02:39:39,465 81455 I 680:_write_loop      Exiting write loop task
2021-06-14 02:39:39,467 81455 I 605:_read_loop_webso Waiting for ping loop task to end
2021-06-14 02:39:39,467 81455 I 528:_ping_loop       PONG response has not been received, aborting
2021-06-14 02:39:39,467 81455 I 537:_ping_loop       Exiting ping task
2021-06-14 02:39:39,468 81455 I 605:_handle_eio_disc Engine.IO connection dropped
2021-06-14 02:39:39,469 81455 I 544:_handle_reconnec Connection failed, new attempt in 0.59 seconds
2021-06-14 02:39:39,469 81455 I 616:_read_loop_webso Exiting read loop task
2021-06-14 02:39:40,056 81455 I 287:_connect_polling Attempting polling connection to http://localhost:5050/socket.io/?transport=polling&EIO=3
2021-06-14 02:39:40,070 81455 I 308:_connect_polling Polling connection accepted with {'sid': '4dc85c5ec6d04ccd983712331620714c', 'upgrades': ['websocket'], 'pingTimeout': 60000, 'pingInterval': 25000}
2021-06-14 02:39:40,071 81455 I 572:_handle_eio_conn Engine.IO connection established
2021-06-14 02:39:40,071 81455 I 443:_receive_packet  Received packet MESSAGE data 0
2021-06-14 02:39:40,072 81455 I 451:_handle_connect  Namespace / is connected
2021-06-14 02:39:40,072 81455 I 345:_connect_websock Attempting WebSocket upgrade to ws://localhost:5050/socket.io/?transport=websocket&EIO=3
2021-06-14 02:39:40,081 81455 I 409:_connect_websock WebSocket upgrade was successful
2021-06-14 02:39:40,082 81455 I 463:_send_packet     Sending packet PING data None
2021-06-14 02:39:40,086 81455 I 560:_handle_reconnec Reconnection successful
2021-06-14 02:39:40,087 81455 I 443:_receive_packet  Received packet NOOP data None
2021-06-14 02:39:40,088 81455 I 443:_receive_packet  Received packet PONG data None
2021-06-14 02:39:41,740 81455 I 310:emit             Emitting event "first" [/]
2021-06-14 02:39:41,740 81455 I 463:_send_packet     Sending packet MESSAGE data 2["first",{"message":"Go To Socket"}]
2021-06-14 02:39:41,746 81455 I 443:_receive_packet  Received packet MESSAGE data 2["second",{"message":"Go To Client : connecting to socket"}]
2021-06-14 02:39:41,747 81455 I 475:_handle_event    Received event "second" [/]
2021-06-14 02:39:46,744 81455 I 310:emit             Emitting event "first" [/]
2021-06-14 02:39:46,744 81455 I 463:_send_packet     Sending packet MESSAGE data 2["first",{"message":"Go To Socket"}]
2021-06-14 02:39:46,750 81455 I 443:_receive_packet  Received packet MESSAGE data 2["second",{"message":"Go To Client : connecting to socket"}]
2021-06-14 02:39:46,751 81455 I 475:_handle_event    Received event "second" [/]
2021-06-14 02:39:51,746 81455 I 310:emit             Emitting event "first" [/]
2021-06-14 02:39:51,747 81455 I 463:_send_packet     Sending packet MESSAGE data 2["first",{"message":"Go To Socket"}]
2021-06-14 02:39:51,754 81455 I 443:_receive_packet  Received packet MESSAGE data 2["second",{"message":"Go To Client : connecting to socket"}]
2021-06-14 02:39:51,755 81455 I 475:_handle_event    Received event "second" [/]
2021-06-14 02:39:56,747 81455 I 310:emit             Emitting event "first" [/]
2021-06-14 02:39:56,747 81455 I 463:_send_packet     Sending packet MESSAGE data 2["first",{"message":"Go To Socket"}]
2021-06-14 02:39:56,754 81455 I 443:_receive_packet  Received packet MESSAGE data 2["second",{"message":"Go To Client : connecting to socket"}]
2021-06-14 02:39:56,755 81455 I 475:_handle_event    Received event "second" [/]
2021-06-14 02:40:01,754 81455 I 310:emit             Emitting event "first" [/]
2021-06-14 02:40:01,755 81455 I 463:_send_packet     Sending packet MESSAGE data 2["first",{"message":"Go To Socket"}]
2021-06-14 02:40:01,759 81455 I 443:_receive_packet  Received packet MESSAGE data 2["second",{"message":"Go To Client : connecting to socket"}]
2021-06-14 02:40:01,760 81455 I 475:_handle_event    Received event "second" [/]
2021-06-14 02:40:05,082 81455 I 463:_send_packet     Sending packet PING data None
2021-06-14 02:40:05,085 81455 I 443:_receive_packet  Received packet PONG data None
2021-06-14 02:40:06,761 81455 I 310:emit             Emitting event "first" [/]
2021-06-14 02:40:06,761 81455 I 463:_send_packet     Sending packet MESSAGE data 2["first",{"message":"Go To Socket"}]
2021-06-14 02:40:06,767 81455 I 443:_receive_packet  Received packet MESSAGE data 2["second",{"message":"Go To Client : connecting to socket"}]
2021-06-14 02:40:06,768 81455 I 475:_handle_event    Received event "second" [/]
2021-06-14 04:27:26,665 81455 I 310:emit             Emitting event "first" [/]
2021-06-14 04:27:26,665 81455 I 463:_send_packet     Sending packet MESSAGE data 2["first",{"message":"Go To Socket"}]
2021-06-14 04:27:31,708 81455 I 310:emit             Emitting event "first" [/]
2021-06-14 04:27:31,709 81455 I 463:_send_packet     Sending packet MESSAGE data 2["first",{"message":"Go To Socket"}]
2021-06-14 04:27:36,710 81455 I 310:emit             Emitting event "first" [/]
2021-06-14 04:27:36,711 81455 I 463:_send_packet     Sending packet MESSAGE data 2["first",{"message":"Go To Socket"}]
2021-06-14 04:27:41,714 81455 I 310:emit             Emitting event "first" [/]
2021-06-14 04:27:41,715 81455 I 463:_send_packet     Sending packet MESSAGE data 2["first",{"message":"Go To Socket"}]
2021-06-14 04:27:45,022 81455 I 463:_send_packet     Sending packet PING data None
2021-06-14 04:27:45,025 81455 I 443:_receive_packet  Received packet NOOP data None
2021-06-14 04:27:45,026 81455 I 594:_read_loop_webso Unexpected error "[Errno 54] Connection reset by peer", aborting
2021-06-14 04:27:45,027 81455 I 603:_read_loop_webso Waiting for write loop task to end
2021-06-14 04:27:45,027 81455 I 680:_write_loop      Exiting write loop task
2021-06-14 04:27:45,028 81455 I 605:_read_loop_webso Waiting for ping loop task to end
2021-06-14 04:27:45,028 81455 I 528:_ping_loop       PONG response has not been received, aborting
2021-06-14 04:27:45,029 81455 I 537:_ping_loop       Exiting ping task
2021-06-14 04:27:45,029 81455 I 605:_handle_eio_disc Engine.IO connection dropped
2021-06-14 04:27:45,030 81455 I 544:_handle_reconnec Connection failed, new attempt in 1.42 seconds
2021-06-14 04:27:45,031 81455 I 616:_read_loop_webso Exiting read loop task
2021-06-14 04:27:46,456 81455 I 287:_connect_polling Attempting polling connection to http://localhost:5050/socket.io/?transport=polling&EIO=3
2021-06-14 04:27:46,470 81455 I 308:_connect_polling Polling connection accepted with {'sid': 'aef42e446c8649628d443ddbc1c808dc', 'upgrades': ['websocket'], 'pingTimeout': 60000, 'pingInterval': 25000}
2021-06-14 04:27:46,471 81455 I 572:_handle_eio_conn Engine.IO connection established
2021-06-14 04:27:46,471 81455 I 443:_receive_packet  Received packet MESSAGE data 0
2021-06-14 04:27:46,472 81455 I 451:_handle_connect  Namespace / is connected
2021-06-14 04:27:46,472 81455 I 345:_connect_websock Attempting WebSocket upgrade to ws://localhost:5050/socket.io/?transport=websocket&EIO=3
2021-06-14 04:27:46,481 81455 I 409:_connect_websock WebSocket upgrade was successful
2021-06-14 04:27:46,481 81455 I 463:_send_packet     Sending packet PING data None
2021-06-14 04:27:46,483 81455 I 443:_receive_packet  Received packet NOOP data None
2021-06-14 04:27:46,484 81455 I 560:_handle_reconnec Reconnection successful
2021-06-14 04:27:46,486 81455 I 443:_receive_packet  Received packet PONG data None
2021-06-14 04:27:46,722 81455 I 310:emit             Emitting event "first" [/]
2021-06-14 04:27:46,723 81455 I 463:_send_packet     Sending packet MESSAGE data 2["first",{"message":"Go To Socket"}]
2021-06-14 04:27:46,729 81455 I 443:_receive_packet  Received packet MESSAGE data 2["second",{"message":"Go To Client : connecting to socket"}]
2021-06-14 04:27:46,730 81455 I 475:_handle_event    Received event "second" [/]
2021-06-14 04:27:51,725 81455 I 310:emit             Emitting event "first" [/]
2021-06-14 04:27:51,725 81455 I 463:_send_packet     Sending packet MESSAGE data 2["first",{"message":"Go To Socket"}]
2021-06-14 04:27:51,731 81455 I 443:_receive_packet  Received packet MESSAGE data 2["second",{"message":"Go To Client : connecting to socket"}]
2021-06-14 04:27:51,732 81455 I 475:_handle_event    Received event "second" [/]
2021-06-14 04:27:56,730 81455 I 310:emit             Emitting event "first" [/]
2021-06-14 04:27:56,731 81455 I 463:_send_packet     Sending packet MESSAGE data 2["first",{"message":"Go To Socket"}]
2021-06-14 04:27:56,738 81455 I 443:_receive_packet  Received packet MESSAGE data 2["second",{"message":"Go To Client : connecting to socket"}]
2021-06-14 04:27:56,739 81455 I 475:_handle_event    Received event "second" [/]
2021-06-14 04:28:01,737 81455 I 310:emit             Emitting event "first" [/]
2021-06-14 04:28:01,738 81455 I 463:_send_packet     Sending packet MESSAGE data 2["first",{"message":"Go To Socket"}]
2021-06-14 04:28:01,743 81455 I 443:_receive_packet  Received packet MESSAGE data 2["second",{"message":"Go To Client : connecting to socket"}]
2021-06-14 04:28:01,744 81455 I 475:_handle_event    Received event "second" [/]
2021-06-14 04:28:06,742 81455 I 310:emit             Emitting event "first" [/]
2021-06-14 04:28:06,743 81455 I 463:_send_packet     Sending packet MESSAGE data 2["first",{"message":"Go To Socket"}]
2021-06-14 04:28:06,748 81455 I 443:_receive_packet  Received packet MESSAGE data 2["second",{"message":"Go To Client : connecting to socket"}]
2021-06-14 04:28:06,749 81455 I 475:_handle_event    Received event "second" [/]
2021-06-14 04:28:11,487 81455 I 463:_send_packet     Sending packet PING data None
2021-06-14 04:28:11,490 81455 I 443:_receive_packet  Received packet PONG data None
2021-06-14 04:28:11,745 81455 I 310:emit             Emitting event "first" [/]
2021-06-14 04:28:11,746 81455 I 463:_send_packet     Sending packet MESSAGE data 2["first",{"message":"Go To Socket"}]
2021-06-14 04:28:11,757 81455 I 443:_receive_packet  Received packet MESSAGE data 2["second",{"message":"Go To Client : connecting to socket"}]
2021-06-14 04:28:11,759 81455 I 475:_handle_event    Received event "second" [/]
2021-06-14 04:28:16,756 81455 I 310:emit             Emitting event "first" [/]
2021-06-14 04:28:16,757 81455 I 463:_send_packet     Sending packet MESSAGE data 2["first",{"message":"Go To Socket"}]
2021-06-14 04:28:16,763 81455 I 443:_receive_packet  Received packet MESSAGE data 2["second",{"message":"Go To Client : connecting to socket"}]
2021-06-14 04:28:16,764 81455 I 475:_handle_event    Received event "second" [/]
2021-06-14 06:15:36,156 81455 I 310:emit             Emitting event "first" [/]
2021-06-14 06:15:36,156 81455 I 463:_send_packet     Sending packet MESSAGE data 2["first",{"message":"Go To Socket"}]
2021-06-14 06:15:41,158 81455 I 310:emit             Emitting event "first" [/]
2021-06-14 06:15:41,158 81455 I 463:_send_packet     Sending packet MESSAGE data 2["first",{"message":"Go To Socket"}]
2021-06-14 06:15:46,165 81455 I 310:emit             Emitting event "first" [/]
2021-06-14 06:15:46,166 81455 I 463:_send_packet     Sending packet MESSAGE data 2["first",{"message":"Go To Socket"}]
2021-06-14 06:15:50,887 81455 I 463:_send_packet     Sending packet PING data None
2021-06-14 06:15:50,890 81455 I 443:_receive_packet  Received packet NOOP data None
2021-06-14 06:15:50,891 81455 I 594:_read_loop_webso Unexpected error "[Errno 54] Connection reset by peer", aborting
2021-06-14 06:15:50,891 81455 I 603:_read_loop_webso Waiting for write loop task to end
2021-06-14 06:15:50,892 81455 I 680:_write_loop      Exiting write loop task
2021-06-14 06:15:50,893 81455 I 605:_read_loop_webso Waiting for ping loop task to end
2021-06-14 06:15:50,893 81455 I 528:_ping_loop       PONG response has not been received, aborting
2021-06-14 06:15:50,893 81455 I 537:_ping_loop       Exiting ping task
2021-06-14 06:15:50,894 81455 I 605:_handle_eio_disc Engine.IO connection dropped
2021-06-14 06:15:50,895 81455 I 544:_handle_reconnec Connection failed, new attempt in 0.81 seconds
2021-06-14 06:15:50,895 81455 I 616:_read_loop_webso Exiting read loop task
2021-06-14 06:15:51,173 81455 I 310:emit             Emitting event "first" [/]
2021-06-14 06:15:51,707 81455 I 287:_connect_polling Attempting polling connection to http://localhost:5050/socket.io/?transport=polling&EIO=3
2021-06-14 06:15:51,721 81455 I 308:_connect_polling Polling connection accepted with {'sid': '4f6f6c7757474745b5bf0cf15da11998', 'upgrades': ['websocket'], 'pingTimeout': 60000, 'pingInterval': 25000}
2021-06-14 06:15:51,722 81455 I 572:_handle_eio_conn Engine.IO connection established
2021-06-14 06:15:51,722 81455 I 443:_receive_packet  Received packet MESSAGE data 0
2021-06-14 06:15:51,723 81455 I 451:_handle_connect  Namespace / is connected
2021-06-14 06:15:51,723 81455 I 345:_connect_websock Attempting WebSocket upgrade to ws://localhost:5050/socket.io/?transport=websocket&EIO=3
2021-06-14 06:15:51,733 81455 I 409:_connect_websock WebSocket upgrade was successful
2021-06-14 06:15:51,734 81455 I 463:_send_packet     Sending packet PING data None
2021-06-14 06:15:51,736 81455 I 560:_handle_reconnec Reconnection successful
2021-06-14 06:15:51,737 81455 I 443:_receive_packet  Received packet NOOP data None
2021-06-14 06:15:51,738 81455 I 443:_receive_packet  Received packet PONG data None
2021-06-14 06:15:56,175 81455 I 310:emit             Emitting event "first" [/]
2021-06-14 06:15:56,176 81455 I 463:_send_packet     Sending packet MESSAGE data 2["first",{"message":"Go To Socket"}]
2021-06-14 06:15:56,183 81455 I 443:_receive_packet  Received packet MESSAGE data 2["second",{"message":"Go To Client : connecting to socket"}]
2021-06-14 06:15:56,184 81455 I 475:_handle_event    Received event "second" [/]
2021-06-14 06:16:01,185 81455 I 310:emit             Emitting event "first" [/]
2021-06-14 06:16:01,186 81455 I 463:_send_packet     Sending packet MESSAGE data 2["first",{"message":"Go To Socket"}]
2021-06-14 06:16:01,191 81455 I 443:_receive_packet  Received packet MESSAGE data 2["second",{"message":"Go To Client : connecting to socket"}]
2021-06-14 06:16:01,192 81455 I 475:_handle_event    Received event "second" [/]
2021-06-14 06:16:06,187 81455 I 310:emit             Emitting event "first" [/]
2021-06-14 06:16:06,188 81455 I 463:_send_packet     Sending packet MESSAGE data 2["first",{"message":"Go To Socket"}]
2021-06-14 06:16:06,193 81455 I 443:_receive_packet  Received packet MESSAGE data 2["second",{"message":"Go To Client : connecting to socket"}]
2021-06-14 06:16:06,194 81455 I 475:_handle_event    Received event "second" [/]
2021-06-14 06:16:11,191 81455 I 310:emit             Emitting event "first" [/]
2021-06-14 06:16:11,192 81455 I 463:_send_packet     Sending packet MESSAGE data 2["first",{"message":"Go To Socket"}]
2021-06-14 06:16:11,197 81455 I 443:_receive_packet  Received packet MESSAGE data 2["second",{"message":"Go To Client : connecting to socket"}]
2021-06-14 06:16:11,198 81455 I 475:_handle_event    Received event "second" [/]
2021-06-14 06:16:16,197 81455 I 310:emit             Emitting event "first" [/]
2021-06-14 06:16:16,197 81455 I 463:_send_packet     Sending packet MESSAGE data 2["first",{"message":"Go To Socket"}]
2021-06-14 06:16:16,204 81455 I 443:_receive_packet  Received packet MESSAGE data 2["second",{"message":"Go To Client : connecting to socket"}]
2021-06-14 06:16:16,205 81455 I 475:_handle_event    Received event "second" [/]
2021-06-14 06:16:16,741 81455 I 463:_send_packet     Sending packet PING data None
2021-06-14 06:16:16,744 81455 I 443:_receive_packet  Received packet PONG data None
2021-06-14 06:16:21,206 81455 I 310:emit             Emitting event "first" [/]
2021-06-14 06:16:21,207 81455 I 463:_send_packet     Sending packet MESSAGE data 2["first",{"message":"Go To Socket"}]
2021-06-14 06:16:21,212 81455 I 443:_receive_packet  Received packet MESSAGE data 2["second",{"message":"Go To Client : connecting to socket"}]
2021-06-14 06:16:21,213 81455 I 475:_handle_event    Received event "second" [/]
2021-06-14 06:16:26,212 81455 I 310:emit             Emitting event "first" [/]
2021-06-14 06:16:26,212 81455 I 463:_send_packet     Sending packet MESSAGE data 2["first",{"message":"Go To Socket"}]
2021-06-14 06:16:26,219 81455 I 443:_receive_packet  Received packet MESSAGE data 2["second",{"message":"Go To Client : connecting to socket"}]
2021-06-14 06:16:26,220 81455 I 475:_handle_event    Received event "second" [/]
2021-06-14 08:03:46,049 81455 I 310:emit             Emitting event "first" [/]
2021-06-14 08:03:46,050 81455 I 463:_send_packet     Sending packet MESSAGE data 2["first",{"message":"Go To Socket"}]
2021-06-14 08:03:51,043 81455 I 310:emit             Emitting event "first" [/]
2021-06-14 08:03:51,043 81455 I 463:_send_packet     Sending packet MESSAGE data 2["first",{"message":"Go To Socket"}]
2021-06-14 08:03:56,048 81455 I 310:emit             Emitting event "first" [/]
2021-06-14 08:03:56,048 81455 I 463:_send_packet     Sending packet MESSAGE data 2["first",{"message":"Go To Socket"}]
2021-06-14 08:03:56,556 81455 I 463:_send_packet     Sending packet PING data None
2021-06-14 08:03:56,559 81455 I 443:_receive_packet  Received packet NOOP data None
2021-06-14 08:03:56,559 81455 I 594:_read_loop_webso Unexpected error "[Errno 54] Connection reset by peer", aborting
2021-06-14 08:03:56,560 81455 I 603:_read_loop_webso Waiting for write loop task to end
2021-06-14 08:03:56,560 81455 I 680:_write_loop      Exiting write loop task
2021-06-14 08:03:56,561 81455 I 605:_read_loop_webso Waiting for ping loop task to end
2021-06-14 08:03:56,562 81455 I 528:_ping_loop       PONG response has not been received, aborting
2021-06-14 08:03:56,562 81455 I 537:_ping_loop       Exiting ping task
2021-06-14 08:03:56,563 81455 I 605:_handle_eio_disc Engine.IO connection dropped
2021-06-14 08:03:56,564 81455 I 544:_handle_reconnec Connection failed, new attempt in 0.99 seconds
2021-06-14 08:03:56,564 81455 I 616:_read_loop_webso Exiting read loop task
2021-06-14 08:03:57,567 81455 I 287:_connect_polling Attempting polling connection to http://localhost:5050/socket.io/?transport=polling&EIO=3
2021-06-14 08:03:57,582 81455 I 308:_connect_polling Polling connection accepted with {'sid': '623e29418e46415dbba738ce2d062708', 'upgrades': ['websocket'], 'pingTimeout': 60000, 'pingInterval': 25000}
2021-06-14 08:03:57,582 81455 I 572:_handle_eio_conn Engine.IO connection established
2021-06-14 08:03:57,582 81455 I 443:_receive_packet  Received packet MESSAGE data 0
2021-06-14 08:03:57,583 81455 I 451:_handle_connect  Namespace / is connected
2021-06-14 08:03:57,584 81455 I 345:_connect_websock Attempting WebSocket upgrade to ws://localhost:5050/socket.io/?transport=websocket&EIO=3
2021-06-14 08:03:57,593 81455 I 409:_connect_websock WebSocket upgrade was successful
2021-06-14 08:03:57,594 81455 I 463:_send_packet     Sending packet PING data None
2021-06-14 08:03:57,595 81455 I 560:_handle_reconnec Reconnection successful
2021-06-14 08:03:57,596 81455 I 443:_receive_packet  Received packet NOOP data None
2021-06-14 08:03:57,598 81455 I 443:_receive_packet  Received packet PONG data None
2021-06-14 08:04:01,052 81455 I 310:emit             Emitting event "first" [/]
2021-06-14 08:04:01,053 81455 I 463:_send_packet     Sending packet MESSAGE data 2["first",{"message":"Go To Socket"}]
2021-06-14 08:04:01,058 81455 I 443:_receive_packet  Received packet MESSAGE data 2["second",{"message":"Go To Client : connecting to socket"}]
2021-06-14 08:04:01,059 81455 I 475:_handle_event    Received event "second" [/]
2021-06-14 08:04:06,053 81455 I 310:emit             Emitting event "first" [/]
2021-06-14 08:04:06,053 81455 I 463:_send_packet     Sending packet MESSAGE data 2["first",{"message":"Go To Socket"}]
2021-06-14 08:04:06,061 81455 I 443:_receive_packet  Received packet MESSAGE data 2["second",{"message":"Go To Client : connecting to socket"}]
2021-06-14 08:04:06,062 81455 I 475:_handle_event    Received event "second" [/]
2021-06-14 08:04:11,056 81455 I 310:emit             Emitting event "first" [/]
2021-06-14 08:04:11,057 81455 I 463:_send_packet     Sending packet MESSAGE data 2["first",{"message":"Go To Socket"}]
2021-06-14 08:04:11,062 81455 I 443:_receive_packet  Received packet MESSAGE data 2["second",{"message":"Go To Client : connecting to socket"}]
2021-06-14 08:04:11,063 81455 I 475:_handle_event    Received event "second" [/]
2021-06-14 08:04:16,059 81455 I 310:emit             Emitting event "first" [/]
2021-06-14 08:04:16,060 81455 I 463:_send_packet     Sending packet MESSAGE data 2["first",{"message":"Go To Socket"}]
2021-06-14 08:04:16,065 81455 I 443:_receive_packet  Received packet MESSAGE data 2["second",{"message":"Go To Client : connecting to socket"}]
2021-06-14 08:04:16,066 81455 I 475:_handle_event    Received event "second" [/]
2021-06-14 08:04:21,066 81455 I 310:emit             Emitting event "first" [/]
2021-06-14 08:04:21,066 81455 I 463:_send_packet     Sending packet MESSAGE data 2["first",{"message":"Go To Socket"}]
2021-06-14 08:04:21,072 81455 I 443:_receive_packet  Received packet MESSAGE data 2["second",{"message":"Go To Client : connecting to socket"}]
2021-06-14 08:04:21,072 81455 I 475:_handle_event    Received event "second" [/]
2021-06-14 08:04:22,588 81455 I 463:_send_packet     Sending packet PING data None
2021-06-14 08:04:22,591 81455 I 443:_receive_packet  Received packet PONG data None
2021-06-14 08:04:26,074 81455 I 310:emit             Emitting event "first" [/]
2021-06-14 08:04:26,075 81455 I 463:_send_packet     Sending packet MESSAGE data 2["first",{"message":"Go To Socket"}]
2021-06-14 08:04:26,081 81455 I 443:_receive_packet  Received packet MESSAGE data 2["second",{"message":"Go To Client : connecting to socket"}]
2021-06-14 08:04:26,082 81455 I 475:_handle_event    Received event "second" [/]
2021-06-14 08:04:31,077 81455 I 310:emit             Emitting event "first" [/]
2021-06-14 08:04:31,078 81455 I 463:_send_packet     Sending packet MESSAGE data 2["first",{"message":"Go To Socket"}]
2021-06-14 08:04:31,086 81455 I 443:_receive_packet  Received packet MESSAGE data 2["second",{"message":"Go To Client : connecting to socket"}]
2021-06-14 08:04:31,087 81455 I 475:_handle_event    Received event "second" [/]
2021-06-14 09:06:13,042 81455 I 310:emit             Emitting event "first" [/]
2021-06-14 09:06:13,042 81455 I 463:_send_packet     Sending packet MESSAGE data 2["first",{"message":"Go To Socket"}]
2021-06-14 09:06:18,220 81455 I 310:emit             Emitting event "first" [/]
2021-06-14 09:06:18,222 81455 I 463:_send_packet     Sending packet MESSAGE data 2["first",{"message":"Go To Socket"}]
2021-06-14 09:06:23,224 81455 I 310:emit             Emitting event "first" [/]
2021-06-14 09:06:23,225 81455 I 463:_send_packet     Sending packet MESSAGE data 2["first",{"message":"Go To Socket"}]
2021-06-14 09:06:24,729 81455 I 463:_send_packet     Sending packet PING data None
2021-06-14 09:06:24,731 81455 I 443:_receive_packet  Received packet NOOP data None
2021-06-14 09:06:24,731 81455 I 594:_read_loop_webso Unexpected error "[Errno 54] Connection reset by peer", aborting
2021-06-14 09:06:24,732 81455 I 603:_read_loop_webso Waiting for write loop task to end
2021-06-14 09:06:24,732 81455 I 680:_write_loop      Exiting write loop task
2021-06-14 09:06:24,732 81455 I 605:_read_loop_webso Waiting for ping loop task to end
2021-06-14 09:06:24,732 81455 I 528:_ping_loop       PONG response has not been received, aborting
2021-06-14 09:06:24,733 81455 I 537:_ping_loop       Exiting ping task
2021-06-14 09:06:24,733 81455 I 605:_handle_eio_disc Engine.IO connection dropped
2021-06-14 09:06:24,733 81455 I 544:_handle_reconnec Connection failed, new attempt in 0.93 seconds
2021-06-14 09:06:24,733 81455 I 616:_read_loop_webso Exiting read loop task
2021-06-14 09:06:25,672 81455 I 287:_connect_polling Attempting polling connection to http://localhost:5050/socket.io/?transport=polling&EIO=3
2021-06-14 09:06:25,679 81455 I 308:_connect_polling Polling connection accepted with {'sid': '205f067ffc964686afbea3fc52d6e3aa', 'upgrades': ['websocket'], 'pingTimeout': 60000, 'pingInterval': 25000}
2021-06-14 09:06:25,679 81455 I 572:_handle_eio_conn Engine.IO connection established
2021-06-14 09:06:25,679 81455 I 443:_receive_packet  Received packet MESSAGE data 0
2021-06-14 09:06:25,679 81455 I 451:_handle_connect  Namespace / is connected
2021-06-14 09:06:25,679 81455 I 345:_connect_websock Attempting WebSocket upgrade to ws://localhost:5050/socket.io/?transport=websocket&EIO=3
2021-06-14 09:06:25,682 81455 I 409:_connect_websock WebSocket upgrade was successful
2021-06-14 09:06:25,682 81455 I 463:_send_packet     Sending packet PING data None
2021-06-14 09:06:25,683 81455 I 443:_receive_packet  Received packet NOOP data None
2021-06-14 09:06:25,683 81455 I 560:_handle_reconnec Reconnection successful
2021-06-14 09:06:25,683 81455 I 443:_receive_packet  Received packet PONG data None
2021-06-14 09:06:28,225 81455 I 310:emit             Emitting event "first" [/]
2021-06-14 09:06:28,226 81455 I 463:_send_packet     Sending packet MESSAGE data 2["first",{"message":"Go To Socket"}]
2021-06-14 09:06:28,228 81455 I 443:_receive_packet  Received packet MESSAGE data 2["second",{"message":"Go To Client : connecting to socket"}]
2021-06-14 09:06:28,229 81455 I 475:_handle_event    Received event "second" [/]
2021-06-14 09:06:33,229 81455 I 310:emit             Emitting event "first" [/]
2021-06-14 09:06:33,229 81455 I 463:_send_packet     Sending packet MESSAGE data 2["first",{"message":"Go To Socket"}]
2021-06-14 09:06:33,231 81455 I 443:_receive_packet  Received packet MESSAGE data 2["second",{"message":"Go To Client : connecting to socket"}]
2021-06-14 09:06:33,231 81455 I 475:_handle_event    Received event "second" [/]
2021-06-14 09:06:38,233 81455 I 310:emit             Emitting event "first" [/]
2021-06-14 09:06:38,233 81455 I 463:_send_packet     Sending packet MESSAGE data 2["first",{"message":"Go To Socket"}]
2021-06-14 09:06:38,237 81455 I 443:_receive_packet  Received packet MESSAGE data 2["second",{"message":"Go To Client : connecting to socket"}]
2021-06-14 09:06:38,237 81455 I 475:_handle_event    Received event "second" [/]
2021-06-14 09:06:43,236 81455 I 310:emit             Emitting event "first" [/]
2021-06-14 09:06:43,236 81455 I 463:_send_packet     Sending packet MESSAGE data 2["first",{"message":"Go To Socket"}]
2021-06-14 09:06:43,239 81455 I 443:_receive_packet  Received packet MESSAGE data 2["second",{"message":"Go To Client : connecting to socket"}]
2021-06-14 09:06:43,239 81455 I 475:_handle_event    Received event "second" [/]
2021-06-14 09:06:46,113 81455 I 463:_send_packet     Sending packet CLOSE data None
2021-06-14 09:06:46,114 81455 I 605:_handle_eio_disc Engine.IO connection dropped
2021-06-14 09:06:46,114 81455 I 680:_write_loop      Exiting write loop task
2021-06-14 09:06:46,115 81455 I 594:_read_loop_webso Unexpected error "[Errno 9] Bad file descriptor", aborting
2021-06-14 09:06:46,115 81455 I 603:_read_loop_webso Waiting for write loop task to end
2021-06-14 09:06:46,115 81455 I 605:_read_loop_webso Waiting for ping loop task to end
2021-06-14 09:06:46,116 81455 I 537:_ping_loop       Exiting ping task
2021-06-14 09:06:46,116 81455 I 616:_read_loop_webso Exiting read loop task
